Calculation time is:  0.000592157244682312
------
p:  4
N:  10
[[1.77250000e+004 2.52950000e+004 2.26500000e+004 1.63750000e+004
  1.34450000e+004 2.44910000e+004 1.35290000e+004 1.68120000e+004
  2.23190000e+004 2.51460000e+004]
 [1.39864684e-309 4.74797086e-321 2.31920019e-310 2.31920019e-310
  5.17420452e+088 5.21835599e-297 3.88416485e-297 3.11965861e-152
  6.80434515e+094 4.38573147e+069]
 [1.62922164e-296 1.88429764e+079 2.26261961e-307 1.56598698e+108
  1.47054001e-200 5.26057607e-191 8.40070912e-138 5.83290207e-302
  2.05173702e-306 2.44676758e-296]
 [2.48912952e-287 5.17333734e+088 8.49898430e+088 2.31462277e+132
  1.39409542e-309 2.12786914e+151 2.06504734e+161 1.93038773e-309
  6.00783825e-321 3.63632315e-321]
 [0.00000000e+000 0.00000000e+000 0.00000000e+000 4.91327336e-317
  4.24896455e-322 1.82913853e-316 2.31919931e-310 4.90827737e-317
  2.31919931e-310 2.31920560e-310]
 [4.88258596e-317 2.31920558e-310 2.31920557e-310 2.31919933e-310
  2.31920562e-310 2.31920562e-310 2.31920557e-310 2.31920560e-310
  2.31920560e-310 2.31920560e-310]
 [2.31920560e-310 2.31920560e-310 2.31920560e-310 2.31920560e-310
  2.31920559e-310 2.31920559e-310 2.31920560e-310 2.31920560e-310
  2.31919934e-310 2.31920559e-310]
 [2.31919932e-310 2.31920560e-310 2.31919934e-310 2.31920562e-310
  2.31919934e-310 2.31920555e-310 2.31919934e-310 2.31920562e-310
  2.31919934e-310 2.31920562e-310]
 [2.31919934e-310 2.31920562e-310 2.31920554e-310 2.31920558e-310
  2.31920562e-310 2.31920558e-310 2.31920562e-310 2.31919934e-310
  2.31920562e-310 2.31920560e-310]
 [2.31920562e-310 2.31920560e-310 2.31920560e-310 2.31920562e-310
  2.31920562e-310 2.31920562e-310 2.31920562e-310 2.31920559e-310
  2.31920562e-310 2.31919933e-310]]
