Calculation time is:  0.0009195208549499512
------
p:  7
N:  10
[[2.82600000e+004 3.79860000e+004 2.26500000e+004 1.63750000e+004
  2.43750000e+004 2.32390000e+004 3.01840000e+004 2.59450000e+004
  2.89470000e+004 2.51460000e+004]
 [2.34860667e-310 2.34861288e-310 2.34860667e-310 2.34861295e-310
  2.34860667e-310 2.34861295e-310 2.34860667e-310 2.34861295e-310
  2.34861288e-310 2.34861291e-310]
 [2.34861295e-310 2.34861292e-310 2.34861295e-310 2.34860668e-310
  2.34861295e-310 2.34861294e-310 2.34861295e-310 2.34861294e-310
  2.34861293e-310 2.34861295e-310]
 [2.34861295e-310 2.34861295e-310 2.34861295e-310 2.34861292e-310
  2.34861295e-310 2.34860666e-310 2.34861295e-310 2.34861293e-310
  2.34861295e-310 2.34861295e-310]
 [2.34861295e-310 2.34861295e-310 2.34860664e-310 2.34861295e-310
  2.34860664e-310 2.34861293e-310 2.34861295e-310 2.34860667e-310
  2.34861295e-310 2.34861296e-310]
 [2.34860668e-310 4.88257015e-317 2.34861293e-310 2.34860664e-310
  2.34861296e-310 2.34860664e-310 2.34860667e-310 2.34861295e-310
  2.34861296e-310 2.34860667e-310]
 [2.34860664e-310 2.34861295e-310 2.34860667e-310 2.34861295e-310
  2.34861295e-310 2.34861295e-310 1.14623230e-320 4.26872718e-321
  0.00000000e+000 0.00000000e+000]
 [0.00000000e+000 4.91327336e-317 4.94065646e-322 2.34860664e-310
  2.34860667e-310 2.34861288e-310 2.34861296e-310 2.34861295e-310
  2.34861295e-310 2.34861295e-310]
 [2.34861295e-310 2.34861296e-310 2.34860667e-310 2.34860666e-310
  2.34860665e-310 2.34861295e-310 2.34861295e-310 2.34861295e-310
  2.34860667e-310 2.34861288e-310]
 [2.34860666e-310 2.34860667e-310 2.34861295e-310 2.34860664e-310
  2.34861295e-310 2.34861290e-310 2.34861295e-310 2.34861288e-310
  2.34861295e-310 2.34861295e-310]]
