Calculation time is:  0.00366857647895813
------
p:  16
N:  10
[[3.08260000e+004 3.79860000e+004 2.25030000e+004 1.63750000e+004
  1.86620000e+004 2.32390000e+004 1.35290000e+004 2.59450000e+004
  2.89470000e+004 2.33981243e-310]
 [8.40070912e-138 5.83290207e-302 2.05173702e-306 2.44676758e-296
  2.48912952e-287 5.17333734e+088 8.49898430e+088 2.31462277e+132
  1.39409542e-309 2.12786914e+151]
 [2.06504734e+161 1.93038773e-309 6.00783825e-321 3.63632315e-321
  0.00000000e+000 0.00000000e+000 0.00000000e+000 4.91327336e-317
  4.24896455e-322 1.73969130e-316]
 [2.34710584e-310 4.90827737e-317 2.34710584e-310 2.34711214e-310
  4.88258596e-317 2.34711212e-310 2.34711210e-310 2.34710587e-310
  2.34711216e-310 2.34711216e-310]
 [2.34711210e-310 2.34711213e-310 2.34711213e-310 2.34711213e-310
  2.34711213e-310 2.34711213e-310 2.34711213e-310 2.34711213e-310
  2.34711213e-310 2.34711213e-310]
 [2.34711214e-310 2.34711214e-310 2.34710588e-310 2.34711213e-310
  2.34710585e-310 2.34711214e-310 2.34710587e-310 2.34711216e-310
  2.34710587e-310 2.34711209e-310]
 [2.34710587e-310 2.34711216e-310 2.34710587e-310 2.34711216e-310
  2.34710587e-310 2.34711216e-310 2.34711208e-310 2.34711211e-310
  2.34711216e-310 2.34711212e-310]
 [2.34711216e-310 2.34710588e-310 2.34711216e-310 2.34711214e-310
  2.34711216e-310 2.34711214e-310 2.34711213e-310 2.34711216e-310
  2.34711216e-310 2.34711216e-310]
 [2.34711216e-310 2.34711213e-310 2.34711216e-310 2.34710587e-310
  2.34711216e-310 2.34711214e-310 2.34711216e-310 2.34711216e-310
  2.34711216e-310 2.34711216e-310]
 [2.34710585e-310 2.34711216e-310 2.34710585e-310 2.34711214e-310
  2.34711216e-310 2.34710587e-310 2.34711216e-310 2.34711216e-310
  2.34710588e-310 4.88257015e-317]]
