Calculation time is:  0.0012929141521453857
------
p:  11
N:  10
[[3.08260000e+004 3.79860000e+004 2.25030000e+004 1.63750000e+004
  1.86620000e+004 2.32390000e+004 1.35290000e+004 2.59450000e+004
  2.89470000e+004 2.51460000e+004]
 [5.62477427e-309 1.39069549e-309 5.56994364e-307 2.49174758e-075
  7.06755133e-278 1.54639150e-229 7.82959286e-249 5.11767346e-307
  3.84045450e+055 1.20153813e-272]
 [7.11204372e-225 3.82452033e-297 2.04757732e-306 2.87814893e-220
  8.53043529e-254 1.50666123e-309 1.18720010e-200 3.66379385e-244
  2.40110394e-239 1.51752601e-309]
 [5.09898562e-191 3.66379385e-244 1.03126629e-229 1.52839080e-309
  2.18999766e-181 4.42925498e-220 1.53925558e-309 9.40596835e-172
  1.90235053e-210 1.55012036e-309]
 [4.03983266e-162 8.17053331e-201 1.56641746e-309 4.47745883e-307
  3.34819463e-143 1.43609729e-133 9.92191230e-177 7.98449171e-301
  1.22093806e-122 1.82173696e-157]
 [7.99178283e-301 1.22093808e-122 3.36051155e-138 7.99725117e-301
  3.06817274e-215 3.58611759e-306 7.93549630e-301 2.28138573e-104
  6.21961808e-119 9.80140313e-095]
 [2.67130562e-109 5.18844410e-090 3.52853319e-138 1.52475769e-128
  7.49306626e-095 1.14731703e-099 4.93152498e-090 4.94592567e-090
  5.16399851e-143 4.20756412e-297]
 [2.26736029e-138 3.47929810e-143 4.67906361e-085 2.01637055e-075
  1.65876821e-309 1.22479907e-305 2.13011092e-080 1.39952008e-309
  5.77358198e-220 3.27730432e-055]
 [1.39952141e-309 5.77531101e-220 3.27730432e-055 7.93571839e-301
  5.99688835e-066 4.88097161e-042 8.01183383e-301 4.96050978e-090
  2.14781416e-050 3.17383655e-037]
 [2.00345874e-032 3.23587298e-032 4.05734610e-297 4.75284642e-037
  1.72115465e-022 2.23397672e-296 1.10746842e-046 1.40453247e-309
  3.72779116e-013 2.42162662e-008]]
