Calculation time is:  0.0011774152517318726
------
p:  8
N:  10
[[2.82600000e+004 3.79860000e+004 2.26500000e+004 1.63750000e+004
  2.43750000e+004 2.32390000e+004 1.35290000e+004 2.59450000e+004
  2.89470000e+004 2.51460000e+004]
 [2.31958952e-310 2.31958951e-310 2.31958950e-310 2.31958950e-310
  2.31958951e-310 2.31958952e-310 2.31958950e-310 2.31928861e-310
  2.31958950e-310 5.38037488e-321]
 [2.31928949e-310 2.31928949e-310 8.26870636e-317 8.26870636e-317
  2.31958951e-310 2.31958952e-310 2.31958951e-310 2.31928861e-310
  2.31958951e-310 2.31928861e-310]
 [2.31958951e-310 2.31958950e-310 2.31958951e-310 2.31958952e-310
  2.31958952e-310 2.31958951e-310 2.31958952e-310 2.31958951e-310
  2.31958952e-310 2.31958951e-310]
 [2.31928861e-310 2.31958952e-310 2.31928861e-310 2.31958951e-310
  2.31958951e-310 2.31958950e-310 2.31958951e-310 2.31958952e-310
  2.31958952e-310 2.31958952e-310]
 [2.31928861e-310 2.31928861e-310 1.05161519e-153 6.01334510e-154
  9.92361031e-096 3.95746582e-321 2.31928949e-310 2.31928949e-310
  8.12555790e-096 8.44251989e-053]
 [2.93573416e+222 1.14115382e+243 2.59345414e+161 8.01760190e-096
  6.01353868e-154 5.46668045e-095 6.01347002e-154 6.01353883e-154
  1.05146952e-153 5.98149210e-154]
 [3.03338118e-067 1.05248921e-153 4.56335221e-072 6.01347002e-154
  1.05191681e-153 8.41789903e-053 1.95360725e-109 5.28595595e-085
  6.45757112e+270 1.50761622e+161]
 [5.50422964e+257 4.83245960e+276 1.05132385e-153 4.56335221e-072
  1.15297980e-259 8.94213159e+130 2.99063850e-067 6.03106431e-154
  6.01334510e-154 4.56360677e-072]
 [6.03105862e-154 1.10491125e+141 6.01347002e-154 6.03104724e-154
  9.92318883e-096 1.03105905e-259 4.90094569e+252 6.96053461e+252
  3.11366353e+238 5.01333253e+223]]
