Calculation time is:  0.0013391971588134766
------
p:  6
N:  10
[[2.82600000e+004 3.79860000e+004 2.26500000e+004 1.63750000e+004
  2.43750000e+004 2.32390000e+004 3.01840000e+004 2.59450000e+004
  2.23190000e+004 2.51460000e+004]
 [1.39864684e-309 7.27758696e-321 2.35787498e-310 2.35787498e-310
  0.00000000e+000 0.00000000e+000 3.88416485e-297 3.11965861e-152
  6.80434515e+094 4.38573147e+069]
 [1.62922164e-296 1.88429764e+079 2.26261961e-307 1.56598698e+108
  1.47054001e-200 5.26057607e-191 8.40070912e-138 5.83290207e-302
  2.05173702e-306 2.44676758e-296]
 [2.48912952e-287 5.17333734e+088 8.49898430e+088 2.31462277e+132
  1.39409542e-309 2.12786914e+151 2.06504734e+161 1.93038773e-309
  6.00783825e-321 3.63632315e-321]
 [0.00000000e+000 0.00000000e+000 0.00000000e+000 4.91327336e-317
  4.24896455e-322 6.10199531e-317 2.35787410e-310 4.90827737e-317
  2.35787410e-310 2.35788040e-310]
 [4.88258596e-317 2.35788038e-310 2.35788036e-310 2.35787413e-310
  2.35788041e-310 2.35788041e-310 2.35788036e-310 2.35788039e-310
  2.35788039e-310 2.35788039e-310]
 [2.35788039e-310 2.35788039e-310 2.35788039e-310 2.35788039e-310
  2.35788039e-310 2.35788039e-310 2.35788039e-310 2.35788039e-310
  2.35787413e-310 2.35788038e-310]
 [2.35787411e-310 2.35788040e-310 2.35787413e-310 2.35788042e-310
  2.35787413e-310 2.35788035e-310 2.35787413e-310 2.35788042e-310
  2.35787413e-310 2.35788042e-310]
 [2.35787413e-310 2.35788041e-310 2.35788034e-310 2.35788037e-310
  2.35788042e-310 2.35788038e-310 2.35788042e-310 2.35787414e-310
  2.35788042e-310 2.35788038e-310]
 [2.35788042e-310 2.35788040e-310 2.35788039e-310 2.35788042e-310
  2.35788041e-310 2.35788042e-310 2.35788042e-310 2.35788038e-310
  2.35788041e-310 2.35787412e-310]]
