Calculation time is:  0.0015565454959869385
------
p:  10
N:  10
[[2.82600000e+004 3.79860000e+004 2.25030000e+004 1.63750000e+004
  1.86620000e+004 2.32390000e+004 1.35290000e+004 2.59450000e+004
  2.89470000e+004 2.51460000e+004]
 [3.59850298e+227 2.67978223e-080 5.35160949e+199 3.02023297e-086
  2.60339101e+209 1.05835773e-153 1.38692357e+219 5.29874766e+180
  4.82406555e+228 6.01346953e-154]
 [1.15051351e+248 1.10901207e+200 2.80086461e-085 6.55703448e+199
  1.38692357e+219 5.29874864e+180 4.82406555e+228 3.64913061e+233
  4.47593784e-091 7.04134414e-009]
 [2.44001263e-152 8.19148733e+247 2.92552507e-014 2.59345444e+161
  1.05118618e-153 1.30388024e-076 6.03104186e-154 4.24783911e-086
  2.25563599e-153 1.33733641e+160]
 [3.28882408e-086 1.05235154e-153 8.54289868e-072 1.05235154e-153
  7.61402136e-010 2.93494607e+222 5.37592902e+199 1.06181217e-153
  1.84279020e+280 1.35717430e+131]
 [3.94181858e-062 3.25266768e-086 1.10818797e-047 6.12861076e-062
  2.48104786e-091 8.98065957e-067 4.45036180e+217 3.31006788e-258
  3.10423937e+169 6.19185533e+223]
 [5.04620674e+180 4.32192832e+174 4.44387685e+252 2.60988270e+180
  1.10639070e+200 1.47039297e+224 2.15042227e-259 2.91997395e-014
  7.87596779e+276 6.99416161e-009]
 [3.52286671e-110 5.64351191e-038 3.89038727e-033 2.04739493e+161
  7.70506494e-010 1.57650499e-052 9.05795898e-043 9.51516008e-043
  1.70292253e-139 9.31464699e+242]
 [6.54827561e-114 1.57630872e-052 4.46590643e-033 1.70127923e-139
  9.31464699e+242 5.99006363e-090 6.11256451e+228 1.17233372e+214
  1.08818228e+248 1.28012643e-152]
 [2.15232772e-259 5.83439443e+252 7.35423706e+223 7.10084060e+194
  1.69375270e+190 3.03422818e-086 9.31672791e+242 9.17653101e+199
  6.50944385e+252 5.76204587e+228]]
