2 10 0.00022451579570770264
2 100 0.0005550086498260498
2 1000 0.03362405300140381
2 10000 8.765917003154755
2 20000 60.7255367487669
3 10 0.00040084123611450195
3 100 0.0006194561719894409
3 1000 0.02924342453479767
3 10000 7.528536945581436
3 20000 49.50002884864807
4 10 0.000592157244682312
4 100 0.0008155554533004761
4 1000 0.030690595507621765
4 10000 6.185192942619324
4 20000 42.89727607369423
5 10 0.000941053032875061
5 100 0.0013609230518341064
5 1000 0.02771550416946411
5 10000 4.284105598926544
5 20000 40.5527001619339
6 10 0.0013391971588134766
6 100 0.001260504126548767
6 1000 0.029953300952911377
6 10000 7.21559602022171
6 20000 30.179062843322754
7 10 0.0009195208549499512
7 100 0.0013589262962341309
7 1000 0.02673366665840149
7 10000 6.934946224093437
7 20000 26.049253195524216
8 10 0.0011774152517318726
8 100 0.00121384859085083
8 1000 0.025661751627922058
8 10000 5.104750141501427
8 20000 27.082774564623833
9 10 0.008146539330482483
9 100 0.0015448331832885742
9 1000 0.024016350507736206
9 10000 8.318145737051964
9 20000 32.58228363096714
10 10 0.0015565454959869385
10 100 0.0017877519130706787
10 1000 0.02543044090270996
10 10000 5.021412327885628
10 20000 28.56896050274372
11 10 0.0012929141521453857
11 100 0.001961454749107361
11 1000 0.026405975222587585
11 10000 7.575403273105621
11 20000 27.909295737743378
12 10 0.0015175491571426392
12 100 0.002062380313873291
12 1000 0.04350394010543823
12 10000 5.099940463900566
12 20000 27.000028744339943
13 10 0.0016959011554718018
13 100 0.0024200230836868286
13 1000 0.03806668519973755
13 10000 7.34559540450573
13 20000 47.60884711146355
14 10 0.0029113441705703735
14 100 0.002795577049255371
14 1000 0.04036889970302582
14 10000 7.760605961084366
14 20000 46.759066462516785
15 10 0.00502990186214447
15 100 0.0027861446142196655
15 1000 0.04243531823158264
15 10000 6.654892399907112
15 20000 48.12476287782192
16 10 0.00366857647895813
16 100 0.0031146258115768433
16 1000 0.04524126648902893
16 10000 7.182432651519775
16 20000 43.26820261776447